0 info it worked if it ends with ok
1 verbose cli [ '/usr/bin/nodejs',
1 verbose cli   '/usr/bin/npm',
1 verbose cli   'install',
1 verbose cli   '-g',
1 verbose cli   'yo',
1 verbose cli   'generator-phaser-official' ]
2 info using npm@1.4.21
3 info using node@v0.10.25
4 verbose cache add [ 'yo', null ]
5 verbose cache add name=undefined spec="yo" args=["yo",null]
6 verbose parsed url { protocol: null,
6 verbose parsed url   slashes: null,
6 verbose parsed url   auth: null,
6 verbose parsed url   host: null,
6 verbose parsed url   port: null,
6 verbose parsed url   hostname: null,
6 verbose parsed url   hash: null,
6 verbose parsed url   search: null,
6 verbose parsed url   query: null,
6 verbose parsed url   pathname: 'yo',
6 verbose parsed url   path: 'yo',
6 verbose parsed url   href: 'yo' }
7 verbose cache add [ 'generator-phaser-official', null ]
8 verbose cache add name=undefined spec="generator-phaser-official" args=["generator-phaser-official",null]
9 verbose parsed url { protocol: null,
9 verbose parsed url   slashes: null,
9 verbose parsed url   auth: null,
9 verbose parsed url   host: null,
9 verbose parsed url   port: null,
9 verbose parsed url   hostname: null,
9 verbose parsed url   hash: null,
9 verbose parsed url   search: null,
9 verbose parsed url   query: null,
9 verbose parsed url   pathname: 'generator-phaser-official',
9 verbose parsed url   path: 'generator-phaser-official',
9 verbose parsed url   href: 'generator-phaser-official' }
10 silly lockFile c41975d1-yo yo
11 verbose lock yo /home/zool/.npm/c41975d1-yo.lock
12 silly lockFile 0581ca93-generator-phaser-official generator-phaser-official
13 verbose lock generator-phaser-official /home/zool/.npm/0581ca93-generator-phaser-official.lock
14 silly lockFile c41975d1-yo yo
15 silly lockFile c41975d1-yo yo
16 silly lockFile 0581ca93-generator-phaser-official generator-phaser-official
17 silly lockFile 0581ca93-generator-phaser-official generator-phaser-official
18 verbose addNamed [ 'yo', '' ]
19 verbose addNamed [ null, '*' ]
20 silly lockFile d937c28e-yo yo@
21 verbose lock yo@ /home/zool/.npm/d937c28e-yo.lock
22 verbose addNamed [ 'generator-phaser-official', '' ]
23 verbose addNamed [ null, '*' ]
24 silly lockFile 75e09e24-generator-phaser-official generator-phaser-official@
25 verbose lock generator-phaser-official@ /home/zool/.npm/75e09e24-generator-phaser-official.lock
26 silly addNameRange { name: 'yo', range: '*', hasData: false }
27 verbose request where is /yo
28 verbose request registry https://registry.npmjs.org/
29 verbose request id 2b74b42289964651
30 verbose url raw /yo
31 verbose url resolving [ 'https://registry.npmjs.org/', './yo' ]
32 verbose url resolved https://registry.npmjs.org/yo
33 verbose request where is https://registry.npmjs.org/yo
34 info trying registry request attempt 1 at 22:19:41
35 http GET https://registry.npmjs.org/yo
36 silly addNameRange { name: 'generator-phaser-official', range: '*', hasData: false }
37 verbose request where is /generator-phaser-official
38 verbose request registry https://registry.npmjs.org/
39 verbose url raw /generator-phaser-official
40 verbose url resolving [ 'https://registry.npmjs.org/', './generator-phaser-official' ]
41 verbose url resolved https://registry.npmjs.org/generator-phaser-official
42 verbose request where is https://registry.npmjs.org/generator-phaser-official
43 info trying registry request attempt 1 at 22:19:42
44 http GET https://registry.npmjs.org/generator-phaser-official
45 http 200 https://registry.npmjs.org/generator-phaser-official
46 silly registry.get cb [ 200,
46 silly registry.get   { server: 'CouchDB/1.5.0 (Erlang OTP/R16B03)',
46 silly registry.get     etag: '"D8JSB54PRX5TKS79WZPZ57DLQ"',
46 silly registry.get     'content-type': 'application/json',
46 silly registry.get     'cache-control': 'max-age=60',
46 silly registry.get     'content-length': '17972',
46 silly registry.get     'accept-ranges': 'bytes',
46 silly registry.get     date: 'Tue, 23 Jun 2015 14:19:43 GMT',
46 silly registry.get     via: '1.1 varnish',
46 silly registry.get     age: '0',
46 silly registry.get     connection: 'keep-alive',
46 silly registry.get     'x-served-by': 'cache-lhr6331-LHR',
46 silly registry.get     'x-cache': 'MISS',
46 silly registry.get     'x-cache-hits': '0',
46 silly registry.get     'x-timer': 'S1435069183.469882,VS0,VE305',
46 silly registry.get     vary: 'Accept' } ]
47 silly addNameRange number 2 { name: 'generator-phaser-official', range: '*', hasData: true }
48 silly addNameRange versions [ 'generator-phaser-official',
48 silly addNameRange   [ '0.0.1',
48 silly addNameRange     '0.0.2',
48 silly addNameRange     '0.0.3',
48 silly addNameRange     '0.0.4',
48 silly addNameRange     '0.0.5',
48 silly addNameRange     '0.0.6',
48 silly addNameRange     '0.0.7',
48 silly addNameRange     '0.0.8-rc-1',
48 silly addNameRange     '0.0.8-rc-2',
48 silly addNameRange     '0.0.9',
48 silly addNameRange     '0.0.10' ] ]
49 verbose addNamed [ 'generator-phaser-official', '0.0.10' ]
50 verbose addNamed [ '0.0.10', '0.0.10' ]
51 silly lockFile 0d139717-generator-phaser-official-0-0-10 generator-phaser-official@0.0.10
52 verbose lock generator-phaser-official@0.0.10 /home/zool/.npm/0d139717-generator-phaser-official-0-0-10.lock
53 silly lockFile 33fffecb-rator-phaser-official-0-0-10-tgz https://registry.npmjs.org/generator-phaser-official/-/generator-phaser-official-0.0.10.tgz
54 verbose lock https://registry.npmjs.org/generator-phaser-official/-/generator-phaser-official-0.0.10.tgz /home/zool/.npm/33fffecb-rator-phaser-official-0-0-10-tgz.lock
55 verbose addRemoteTarball [ 'https://registry.npmjs.org/generator-phaser-official/-/generator-phaser-official-0.0.10.tgz',
55 verbose addRemoteTarball   '245a9a0b5b51c7f68a5f10f9639d039c7947c92b' ]
56 info retry fetch attempt 1 at 22:19:44
57 verbose fetch to= /tmp/npm-2932-En1i8WiY/registry.npmjs.org/generator-phaser-official/-/generator-phaser-official-0.0.10.tgz
58 http GET https://registry.npmjs.org/generator-phaser-official/-/generator-phaser-official-0.0.10.tgz
59 http 200 https://registry.npmjs.org/generator-phaser-official/-/generator-phaser-official-0.0.10.tgz
60 silly lockFile 33fffecb-rator-phaser-official-0-0-10-tgz https://registry.npmjs.org/generator-phaser-official/-/generator-phaser-official-0.0.10.tgz
61 silly lockFile 33fffecb-rator-phaser-official-0-0-10-tgz https://registry.npmjs.org/generator-phaser-official/-/generator-phaser-official-0.0.10.tgz
62 silly lockFile 0d139717-generator-phaser-official-0-0-10 generator-phaser-official@0.0.10
63 silly lockFile 0d139717-generator-phaser-official-0-0-10 generator-phaser-official@0.0.10
64 silly lockFile 75e09e24-generator-phaser-official generator-phaser-official@
65 silly lockFile 75e09e24-generator-phaser-official generator-phaser-official@
66 http 200 https://registry.npmjs.org/yo
67 silly registry.get cb [ 200,
67 silly registry.get   { server: 'CouchDB/1.5.0 (Erlang OTP/R16B03)',
67 silly registry.get     etag: '"42666NJB8YSLAMLNEDMIETWW1"',
67 silly registry.get     'content-type': 'application/json',
67 silly registry.get     'cache-control': 'max-age=60',
67 silly registry.get     'content-length': '33590',
67 silly registry.get     'accept-ranges': 'bytes',
67 silly registry.get     date: 'Tue, 23 Jun 2015 14:19:48 GMT',
67 silly registry.get     via: '1.1 varnish',
67 silly registry.get     age: '0',
67 silly registry.get     connection: 'keep-alive',
67 silly registry.get     'x-served-by': 'cache-lhr6322-LHR',
67 silly registry.get     'x-cache': 'HIT',
67 silly registry.get     'x-cache-hits': '1',
67 silly registry.get     'x-timer': 'S1435069188.724513,VS0,VE174',
67 silly registry.get     vary: 'Accept' } ]
68 silly addNameRange number 2 { name: 'yo', range: '*', hasData: true }
69 silly addNameRange versions [ 'yo',
69 silly addNameRange   [ '1.1.0',
69 silly addNameRange     '1.1.1',
69 silly addNameRange     '1.1.2',
69 silly addNameRange     '1.2.0',
69 silly addNameRange     '1.2.1',
69 silly addNameRange     '1.3.0',
69 silly addNameRange     '1.3.2',
69 silly addNameRange     '1.3.3',
69 silly addNameRange     '1.4.6',
69 silly addNameRange     '1.4.7' ] ]
70 verbose addNamed [ 'yo', '1.4.7' ]
71 verbose addNamed [ '1.4.7', '1.4.7' ]
72 silly lockFile 22bae6b4-yo-1-4-7 yo@1.4.7
73 verbose lock yo@1.4.7 /home/zool/.npm/22bae6b4-yo-1-4-7.lock
74 silly lockFile ef4e4e38-gistry-npmjs-org-yo-yo-1-4-7-tgz https://registry.npmjs.org/yo/-/yo-1.4.7.tgz
75 verbose lock https://registry.npmjs.org/yo/-/yo-1.4.7.tgz /home/zool/.npm/ef4e4e38-gistry-npmjs-org-yo-yo-1-4-7-tgz.lock
76 verbose addRemoteTarball [ 'https://registry.npmjs.org/yo/-/yo-1.4.7.tgz',
76 verbose addRemoteTarball   '7eecb354f6f4df2dafbc2da53d30f7f7fafcb450' ]
77 info retry fetch attempt 1 at 22:19:50
78 verbose fetch to= /tmp/npm-2932-En1i8WiY/registry.npmjs.org/yo/-/yo-1.4.7.tgz
79 http GET https://registry.npmjs.org/yo/-/yo-1.4.7.tgz
80 http 200 https://registry.npmjs.org/yo/-/yo-1.4.7.tgz
81 silly lockFile ef4e4e38-gistry-npmjs-org-yo-yo-1-4-7-tgz https://registry.npmjs.org/yo/-/yo-1.4.7.tgz
82 silly lockFile ef4e4e38-gistry-npmjs-org-yo-yo-1-4-7-tgz https://registry.npmjs.org/yo/-/yo-1.4.7.tgz
83 silly lockFile 22bae6b4-yo-1-4-7 yo@1.4.7
84 silly lockFile 22bae6b4-yo-1-4-7 yo@1.4.7
85 silly lockFile d937c28e-yo yo@
86 silly lockFile d937c28e-yo yo@
87 silly resolved [ { name: 'generator-phaser-official',
87 silly resolved     version: '0.0.10',
87 silly resolved     description: 'Yeoman Generator for the Phaser Game framework. Includes state and prefab generators',
87 silly resolved     license: 'MIT',
87 silly resolved     main: 'app/index.js',
87 silly resolved     repository:
87 silly resolved      { type: 'git',
87 silly resolved        url: 'git://github.com/codevinsky/generator-phaser-official' },
87 silly resolved     keywords:
87 silly resolved      [ 'HTML5',
87 silly resolved        'game',
87 silly resolved        'canvas',
87 silly resolved        '2d',
87 silly resolved        'WebGL',
87 silly resolved        'web audio',
87 silly resolved        'physics',
87 silly resolved        'tweens',
87 silly resolved        'javascript',
87 silly resolved        'typescript' ],
87 silly resolved     author:
87 silly resolved      { name: 'Jeremy Dowell',
87 silly resolved        email: 'jeremy@codevinsky.com',
87 silly resolved        url: 'https://github.com/codevinsky' },
87 silly resolved     engines: { node: '>=0.10.0' },
87 silly resolved     scripts: { test: 'mocha' },
87 silly resolved     files: [ 'app', 'state', 'prefab' ],
87 silly resolved     dependencies: { 'yeoman-generator': '~0.16.0', chalk: '~0.4.0' },
87 silly resolved     devDependencies:
87 silly resolved      { mocha: '*',
87 silly resolved        'grunt-html-build': '~0.3.2',
87 silly resolved        lodash: '~2.4.1',
87 silly resolved        underscore: '~1.6.0',
87 silly resolved        'underscore.string': '~2.3.3' },
87 silly resolved     peerDependencies: { yo: '>=1.0.0' },
87 silly resolved     bugs: { url: 'https://github.com/codevinsky/generator-phaser-official/issues' },
87 silly resolved     homepage: 'https://github.com/codevinsky/generator-phaser-official',
87 silly resolved     _id: 'generator-phaser-official@0.0.10',
87 silly resolved     dist:
87 silly resolved      { shasum: '245a9a0b5b51c7f68a5f10f9639d039c7947c92b',
87 silly resolved        tarball: 'http://registry.npmjs.org/generator-phaser-official/-/generator-phaser-official-0.0.10.tgz' },
87 silly resolved     _from: 'generator-phaser-official@',
87 silly resolved     _npmVersion: '1.3.21',
87 silly resolved     _npmUser: { name: 'codevinsky', email: 'jeremy@codevinsky.com' },
87 silly resolved     maintainers: [ [Object] ],
87 silly resolved     directories: {},
87 silly resolved     _shasum: '245a9a0b5b51c7f68a5f10f9639d039c7947c92b',
87 silly resolved     _resolved: 'https://registry.npmjs.org/generator-phaser-official/-/generator-phaser-official-0.0.10.tgz' },
87 silly resolved   { name: 'yo',
87 silly resolved     version: '1.4.7',
87 silly resolved     description: 'CLI tool for running Yeoman generators',
87 silly resolved     license: 'BSD-2-Clause',
87 silly resolved     bin: { yo: 'lib/cli.js' },
87 silly resolved     author: { name: 'Yeoman' },
87 silly resolved     repository: { type: 'git', url: 'https://github.com/yeoman/yo' },
87 silly resolved     engines: { node: '>=0.10.0', npm: '>=2.8.0' },
87 silly resolved     scripts:
87 silly resolved      { test: 'jshint . && mocha test/**/*.js',
87 silly resolved        postinstall: 'yodoctor',
87 silly resolved        postupdate: 'yodoctor',
87 silly resolved        prepublish: 'nsp audit-package' },
87 silly resolved     files: [ 'lib' ],
87 silly resolved     keywords:
87 silly resolved      [ 'cli-app',
87 silly resolved        'cli',
87 silly resolved        'bin',
87 silly resolved        'front-end',
87 silly resolved        'development',
87 silly resolved        'dev',
87 silly resolved        'build',
87 silly resolved        'web',
87 silly resolved        'tool',
87 silly resolved        'scaffold',
87 silly resolved        'stack',
87 silly resolved        'yeoman',
87 silly resolved        'generator',
87 silly resolved        'generate',
87 silly resolved        'app',
87 silly resolved        'boilerplate' ],
87 silly resolved     dependencies:
87 silly resolved      { 'array-uniq': '^1.0.2',
87 silly resolved        async: '^1.0.0',
87 silly resolved        chalk: '^1.0.0',
87 silly resolved        configstore: '^1.0.0',
87 silly resolved        'cross-spawn': '^0.4.0',
87 silly resolved        figures: '^1.3.5',
87 silly resolved        findup: '^0.1.5',
87 silly resolved        fullname: '^1.0.0',
87 silly resolved        got: '^3.2.0',
87 silly resolved        'humanize-string': '^1.0.0',
87 silly resolved        inquirer: '^0.8.0',
87 silly resolved        insight: '^0.6.0',
87 silly resolved        lodash: '^3.2.0',
87 silly resolved        meow: '^3.0.0',
87 silly resolved        'npm-keyword': '^1.1.1',
87 silly resolved        opn: '^1.0.0',
87 silly resolved        'package-json': '^1.1.0',
87 silly resolved        repeating: '^1.1.2',
87 silly resolved        'root-check': '^1.0.0',
87 silly resolved        'sort-on': '^1.0.0',
87 silly resolved        'string-length': '^1.0.0',
87 silly resolved        titleize: '^1.0.0',
87 silly resolved        'update-notifier': '^0.5.0',
87 silly resolved        'user-home': '^1.1.0',
87 silly resolved        'yeoman-character': '^1.0.0',
87 silly resolved        'yeoman-doctor': '^1.0.0',
87 silly resolved        'yeoman-environment': '^1.0.1',
87 silly resolved        yosay: '^1.0.0' },
87 silly resolved     devDependencies:
87 silly resolved      { jshint: '^2.5.11',
87 silly resolved        mocha: '^2.1.0',
87 silly resolved        mockery: '^1.4.0',
87 silly resolved        nock: '^2.0.1',
87 silly resolved        nsp: '*',
87 silly resolved        proxyquire: '^1.0.1',
87 silly resolved        'registry-url': '^3.0.0',
87 silly resolved        sinon: '^1.12.1' },
87 silly resolved     preferGlobal: true,
87 silly resolved     gitHead: '675d647162f1ecd7f290995078cf8ab42756bf9d',
87 silly resolved     bugs: { url: 'https://github.com/yeoman/yo/issues' },
87 silly resolved     homepage: 'https://github.com/yeoman/yo',
87 silly resolved     _id: 'yo@1.4.7',
87 silly resolved     _shasum: '7eecb354f6f4df2dafbc2da53d30f7f7fafcb450',
87 silly resolved     _from: 'yo@',
87 silly resolved     _npmVersion: '2.10.1',
87 silly resolved     _nodeVersion: '0.12.4',
87 silly resolved     _npmUser: { name: 'sindresorhus', email: 'sindresorhus@gmail.com' },
87 silly resolved     dist:
87 silly resolved      { shasum: '7eecb354f6f4df2dafbc2da53d30f7f7fafcb450',
87 silly resolved        tarball: 'http://registry.npmjs.org/yo/-/yo-1.4.7.tgz' },
87 silly resolved     maintainers: [ [Object], [Object], [Object], [Object], [Object], [Object] ],
87 silly resolved     directories: {},
87 silly resolved     _resolved: 'https://registry.npmjs.org/yo/-/yo-1.4.7.tgz' } ]
88 info install generator-phaser-official@0.0.10 into /usr/local/lib
89 info install yo@1.4.7 into /usr/local/lib
90 info installOne generator-phaser-official@0.0.10
91 info installOne yo@1.4.7
92 warn engine yo@1.4.7: wanted: {"node":">=0.10.0","npm":">=2.8.0"} (current: {"node":"0.10.25","npm":"1.4.21"})
93 verbose lib/node_modules/generator-phaser-official unbuild
94 verbose lib/node_modules/yo unbuild
95 verbose tar unpack /home/zool/.npm/generator-phaser-official/0.0.10/package.tgz
96 silly lockFile 6de20756-odules-generator-phaser-official tar:///usr/local/lib/node_modules/generator-phaser-official
97 verbose lock tar:///usr/local/lib/node_modules/generator-phaser-official /home/zool/.npm/6de20756-odules-generator-phaser-official.lock
98 silly lockFile a75ea19a-aser-official-0-0-10-package-tgz tar:///home/zool/.npm/generator-phaser-official/0.0.10/package.tgz
99 verbose lock tar:///home/zool/.npm/generator-phaser-official/0.0.10/package.tgz /home/zool/.npm/a75ea19a-aser-official-0-0-10-package-tgz.lock
100 verbose tar unpack /home/zool/.npm/yo/1.4.7/package.tgz
101 silly lockFile 7d7c7bef-ar-usr-local-lib-node-modules-yo tar:///usr/local/lib/node_modules/yo
102 verbose lock tar:///usr/local/lib/node_modules/yo /home/zool/.npm/7d7c7bef-ar-usr-local-lib-node-modules-yo.lock
103 silly lockFile 19b2bb6d-me-zool-npm-yo-1-4-7-package-tgz tar:///home/zool/.npm/yo/1.4.7/package.tgz
104 verbose lock tar:///home/zool/.npm/yo/1.4.7/package.tgz /home/zool/.npm/19b2bb6d-me-zool-npm-yo-1-4-7-package-tgz.lock
105 silly gunzTarPerm modes [ '775', '664' ]
106 silly gunzTarPerm modes [ '775', '664' ]
107 error Error: EACCES, mkdir '/usr/local/lib/node_modules/generator-phaser-official'
107 error  { [Error: EACCES, mkdir '/usr/local/lib/node_modules/generator-phaser-official']
107 error   errno: 3,
107 error   code: 'EACCES',
107 error   path: '/usr/local/lib/node_modules/generator-phaser-official',
107 error   fstream_type: 'Directory',
107 error   fstream_path: '/usr/local/lib/node_modules/generator-phaser-official',
107 error   fstream_class: 'DirWriter',
107 error   fstream_stack:
107 error    [ '/usr/lib/nodejs/fstream/lib/dir-writer.js:36:23',
107 error      '/usr/lib/nodejs/mkdirp/index.js:46:53',
107 error      'Object.oncomplete (fs.js:107:15)' ] }
108 error Please try running this command again as root/Administrator.
109 error System Linux 3.19.0-21-generic
110 error command "/usr/bin/nodejs" "/usr/bin/npm" "install" "-g" "yo" "generator-phaser-official"
111 error cwd /home/zool/Project/git/test
112 error node -v v0.10.25
113 error npm -v 1.4.21
114 error path /usr/local/lib/node_modules/generator-phaser-official
115 error fstream_path /usr/local/lib/node_modules/generator-phaser-official
116 error fstream_type Directory
117 error fstream_class DirWriter
118 error code EACCES
119 error errno 3
120 error stack Error: EACCES, mkdir '/usr/local/lib/node_modules/generator-phaser-official'
121 error fstream_stack /usr/lib/nodejs/fstream/lib/dir-writer.js:36:23
121 error fstream_stack /usr/lib/nodejs/mkdirp/index.js:46:53
121 error fstream_stack Object.oncomplete (fs.js:107:15)
122 verbose exit [ 3, true ]
